----------|---------|----------|---------|---------|------------------------------------------------
File      | % Stmts | % Branch | % Funcs | % Lines | Uncovered Line #s                              
----------|---------|----------|---------|---------|------------------------------------------------
All files |   90.76 |       65 |     100 |   90.76 |                                                
 main.ts  |      87 |       65 |     100 |      87 | ...4,43-52,142-143,146,148,167,169-170,175-177 
 types.ts |     100 |      100 |     100 |     100 |                                                
----------|---------|----------|---------|---------|------------------------------------------------
