----------|---------|----------|---------|---------|-------------------
File      | % Stmts | % Branch | % Funcs | % Lines | Uncovered Line #s 
----------|---------|----------|---------|---------|-------------------
All files |   99.51 |    96.77 |     100 |   99.51 |                   
 main.ts  |   99.25 |    96.77 |     100 |   99.25 | 243-244           
 types.ts |     100 |      100 |     100 |     100 |                   
----------|---------|----------|---------|---------|-------------------
